<?xml version="1.0" encoding="UTF-8"?>
<!-- Generated by org.testng.reporters.JUnitReportReporter -->
<testsuite hostname="Seethas-PC" name="com.companyname.projectname.testscripts.TC001_testLogin" tests="1" failures="0" timestamp="3 Mar 2018 13:52:06 GMT" time="69.242" errors="0">
  <testcase name="testlogin" time="69.242" classname="com.companyname.projectname.testscripts.TC001_testLogin"/>
</testsuite> <!-- com.companyname.projectname.testscripts.TC001_testLogin -->
